<?xml version="1.0" encoding="UTF-8"?>
<!-- Generated by org.testng.reporters.JUnitReportReporter -->
<testsuite skipped="0" hostname="Pushpendra" name="script.TestPermissions" tests="1" failures="0" timestamp="13 Feb 2019 15:02:44 GMT" time="33.273" errors="0">
  <testcase name="testpermission" time="33.273" classname="script.TestPermissions"/>
</testsuite> <!-- script.TestPermissions -->
