<?xml version="1.0" encoding="UTF-8"?>
<!-- Generated by org.testng.reporters.JUnitReportReporter -->
<testsuite skipped="0" hostname="Pushpendra" name="script.TestInvalidLogin" tests="1" failures="0" timestamp="11 Feb 2019 07:25:17 GMT" time="9.298" errors="0">
  <testcase name="testValidLogin" time="9.298" classname="script.TestInvalidLogin"/>
</testsuite> <!-- script.TestInvalidLogin -->
