<?xml version="1.0" encoding="UTF-8"?>
<!-- Generated by org.testng.reporters.JUnitReportReporter -->
<testsuite skipped="0" hostname="Pushpendra" name="script.TestNewGroup" tests="1" failures="0" timestamp="13 Feb 2019 15:00:48 GMT" time="37.363" errors="0">
  <testcase name="testNewGroup" time="37.363" classname="script.TestNewGroup"/>
</testsuite> <!-- script.TestNewGroup -->
