<?xml version="1.0" encoding="UTF-8"?>
<!-- Generated by org.testng.reporters.JUnitReportReporter -->
<testsuite skipped="0" hostname="Pushpendra" name="script.TestNewUser" tests="1" failures="0" timestamp="13 Feb 2019 14:29:34 GMT" time="106.878" errors="0">
  <testcase name="testNewUser" time="106.878" classname="script.TestNewUser"/>
</testsuite> <!-- script.TestNewUser -->
